UCFHSCntst is 15 years old.

ThirdMlnm is 1 year old.

Nancy is 14 years old.
Jay is 12 years old.
Richard is 20 years old.

Chris is 30 years old.
Jake is 20 years old.
scott is 39 years old.

aaaaaaaaaa is 119 years old.
aaaaaaaaaA is 118 years old.
aaaaaaaaAa is 117 years old.
aaaaaaaaAA is 116 years old.
aaaaaaaAaa is 115 years old.
aaaaaaaAaA is 114 years old.
aaaaaaaAAa is 113 years old.
aaaaaaaAAA is 112 years old.
aaaaaaAaaa is 111 years old.
aaaaaaAaaA is 110 years old.
aaaaaaAaAa is 109 years old.
aaaaaaAaAA is 108 years old.
aaaaaaAAaa is 107 years old.
aaaaaaAAaA is 106 years old.
aaaaaaAAAa is 105 years old.
aaaaaaAAAA is 104 years old.
aaaaaAaaaA is 103 years old.
aaaaaAaaAa is 102 years old.
aaaaaAaaAA is 101 years old.
aaaaaAaAaa is 100 years old.

FiveYear is 5 years old.
FourYear is 4 years old.
ThreeYear is 3 years old.
TwoYear is 2 years old.
OneYear is 1 year old.

A is 1 year old.
B is 3 years old.
C is 4 years old.
D is 5 years old.
E is 8 years old.
F is 9 years old.
G is 10 years old.
H is 12 years old.
I is 13 years old.
J is 14 years old.
K is 16 years old.
L is 17 years old.
M is 18 years old.
N is 22 years old.
O is 23 years old.
P is 24 years old.
Q is 26 years old.
R is 27 years old.
S is 28 years old.
T is 30 years old.

