00001000000

111111110111111

1101010010101

1

0

01

00

00

01

100

011

011

1000

1000

0111

1011

11110

11101

11011

10111

01111

0000000000000000000000001

0000000000000000000000010

0000000000000000000000100

0000000000000000000001000

0000000000000000000010000

0000000000000000000100000

0000000000000000001000000

0000000000000000010000000

0000000000000000100000000

0000000000000001000000000

0000000000000010000000000

0000000000000100000000000

0000000000001000000000000

0000000000010000000000000

0000000000100000000000000

0000000001000000000000000

0000000010000000000000000

0000000100000000000000000

0000001000000000000000000

0000010000000000000000000

0000100000000000000000000

0001000000000000000000000

0010000000000000000000000

0100000000000000000000000

1000000000000000000000000

0111111111111111111111111

1011111111111111111111111

1101111111111111111111111

1110111111111111111111111

1111011111111111111111111

1111101111111111111111111

1111110111111111111111111

1111111011111111111111111

1111111101111111111111111

1111111110111111111111111

1111111111011111111111111

1111111111101111111111111

1111111111110111111111111

1111111111111011111111111

1111111111111101111111111

1111111111111110111111111

1111111111111111011111111

1111111111111111101111111

1111111111111111110111111

1111111111111111111011111

1111111111111111111101111

1111111111111111111110111

1111111111111111111111011

1111111111111111111111101

1111111111111111111111110

11111011001

000011101

011

11011011101100000110

101111000101000100

0100010101111

10010000111

10100

01011000

11010111111011110010010

101011000000101

01111100111000011001001

011010

11110100110

100111111011011100011

1111101100100000111

0000110001101100010

1011000

100111110100110001000

1000001111000110

0111001001111001

000011011000110100100

011011100

011100111010010100

10001001001

11101011010001010

0111101111111111

00100100010100000

00000101

11000101000100011101100

1001

101011011000000

111

1010010101110110101100

11011100011010011

10011000000101110011

10

1011101001

00

110111101111001000101110

11

00101001001

1

01010100011011000110101

10101110001101010011

010000011110100101110

000110010111001

00101101010101110

000101100111010

00110100110010000

01101100101110

00110100010111010

11001110100001000

01

10100011011001010110

00111001111011101

0011010010011100

00111000110100

01000110

0

000010001111010111101111

0

111110010001010011110011

110011111100001001110

1100011000000010

111

11100110011010010

101111110110

100111110100110

011111010000

001111101011

10

00

10111111110101

01100101001010001001110

1111000011

0010001101

111101110

0

11001000101

11110010101110

00011000100001010010101

0010001000110101001110

110111010100010010011

000010110011110101110101

110101001011

0111

10111001000000111001000

11011000

0101100101

1000101001011001110

1100110

001000011110001101111001

01010111010011000010010

001100

10000

101100

11

1100101100111000110

110111101100101

1

11010110110110101

001100001100111011001001

1101011100001011

00100100111111100

001101111101

010111111011111101000000

00100111001100100010110

100001110

110101110011100

10111001010000110001101

0010

011101001111110011000

100001

10110100011100111000111

0000110111101101101111000

01

010011110101101111001

01011001110010

000011111001000001

0011110000010000000001

1001100011011011011110

00000010101

1100100010011100010

10110110

01000110111101

1110010110101110

1001001011111101

110110111110101010

