0.00
0.16
0.32
0.48
0.64
0.80
0.96
1.12
1.28
1.44
1.60
1.76
1.92
2.08
2.24
2.40
2.56
2.72
2.88
3.04
3.20
3.36
3.52
3.68
3.84
4.00
4.16
4.32
4.48
4.64
4.80
4.96
5.12
5.28
5.44
5.60
5.76
5.92
6.08
6.24
6.40
6.56
6.72
6.88
7.04
7.20
7.36
7.52
7.68
7.84
8.00
8.16
8.32
8.48
8.64
8.80
8.96
9.12
9.28
9.44
9.60
9.76
9.92
10.08
10.24
10.40
10.56
10.72
10.88
11.04
11.20
11.36
11.52
11.68
11.84
12.00
12.16
12.32
12.48
12.64
12.80
12.96
13.12
13.28
13.44
13.60
13.76
13.92
14.08
14.24
14.40
14.56
14.72
14.88
15.04
15.20
15.36
15.52
15.68
15.84
16.00
16.16
16.32
16.48
16.64
16.80
16.96
17.12
17.28
17.44
17.60
17.76
17.92
18.08
18.24
18.40
18.56
18.72
18.88
19.04
19.20
19.36
19.52
19.68
19.84
20.00
20.16
20.32
20.48
20.64
20.80
20.96
21.12
21.28
21.44
21.60
21.76
21.92
22.08
22.24
22.40
22.56
22.72
22.88
23.04
23.20
23.36
23.52
23.68
23.84
24.00
24.16
24.32
24.48
24.64
24.80
24.96
25.12
25.28
25.44
25.60
25.76
25.92
26.08
26.24
26.40
26.56
26.72
26.88
27.04
27.20
27.36
27.52
27.68
27.84
28.00
28.16
28.32
28.48
28.64
28.80
28.96
29.12
29.28
29.44
29.60
29.76
29.92
30.08
30.24
30.40
30.56
30.72
30.88
31.04
31.20
31.36
31.52
31.68
31.84
32.00
32.16
32.32
32.48
32.64
32.80
32.96
33.12
33.28
33.44
33.60
33.76
33.92
34.08
34.24
34.40
34.56
34.72
34.88
35.04
35.20
35.36
35.52
35.68
35.84
36.00
36.16
36.32
36.48
36.64
36.80
36.96
37.12
37.28
37.44
37.60
37.76
37.92
38.08
38.24
38.40
38.56
38.72
38.88
39.04
39.20
39.36
39.52
39.68
39.84
40.00
40.16
40.32
40.48
40.64
40.80
40.96
41.12
41.28
41.44
41.60
41.76
41.92
42.08
42.24
42.40
42.56
42.72
42.88
43.04
43.20
43.36
43.52
43.68
43.84
44.00
44.16
44.32
44.48
44.64
44.80
44.96
45.12
45.28
45.44
45.60
45.76
45.92
46.08
46.24
46.40
46.56
46.72
46.88
47.04
47.20
47.36
47.52
47.68
47.84
48.00
48.16
48.32
48.48
48.64
48.80
48.96
49.12
49.28
49.44
49.60
49.76
49.92
50.08
50.24
50.40
50.56
50.72
50.88
51.04
51.20
51.36
51.52
51.68
51.84
52.00
52.16
52.32
52.48
52.64
52.80
52.96
53.12
53.28
53.44
53.60
53.76
53.92
54.08
54.24
54.40
54.56
54.72
54.88
55.04
55.20
55.36
55.52
55.68
55.84
56.00
56.16
56.32
56.48
56.64
56.80
56.96
57.12
57.28
57.44
57.60
57.76
57.92
58.08
58.24
58.40
58.56
58.72
58.88
59.04
59.20
59.36
59.52
59.68
59.84
60.00
60.16
60.32
60.48
60.64
60.80
60.96
61.12
61.28
61.44
61.60
61.76
61.92
62.08
62.24
62.40
62.56
62.72
62.88
63.04
63.20
63.36
63.52
63.68
63.84
161.44
320.00
480.64
641.44
800.48
961.44
1120.96
1280.00
1440.80
1600.32
1761.44
1920.32
2080.48
2241.12
2400.32
2560.32
2720.48
2880.16
3041.12
3201.12
3361.28
3521.44
3680.80
3841.12
4000.64
4160.64
4320.32
4480.96
4640.00
4800.64
4960.32
5120.00
5280.80
5440.96
5601.44
5761.44
5920.96
6080.96
6241.44
6400.16
6561.28
6721.28
6880.48
7040.16
7200.96
7360.96
7520.64
7680.00
7841.12
8000.16
8161.12
8320.80
8480.00
8640.32
8800.48
8960.80
9121.12
9280.96
9440.16
9601.28
9760.16
9920.48
10081.28
10240.96
10400.00
10561.28
10720.96
10880.96
11040.64
11200.80
11361.28
11520.32
11680.64
11840.16
12000.64
12160.00
12321.28
12481.28
12640.16
12800.80
12960.00
13121.28
13280.16
13440.00
13600.16
13760.64
13920.96
14081.44
14240.00
14401.12
14561.12
14720.32
14880.16
15040.80
15201.44
15360.16
15520.64
15680.80
15841.28
16001.28
16160.00
16321.12
16480.00
16640.64
16801.28
16960.64
17120.80
17280.96
17440.48
17601.12
17760.32
17920.48
18080.80
18240.64
18400.64
18561.12
18721.28
18880.00
19040.96
19201.44
19361.28
19520.48
19680.32
19841.44
20001.44
20160.16
20320.16
20480.48
20640.96
20800.00
20960.32
21121.12
21281.12
21440.32
21600.16
21760.80
21921.12
22081.12
22240.32
22400.00
22560.64
22720.80
22880.64
23040.00
23201.44
23361.28
23521.28
23681.28
23841.44
24000.64
24161.28
24321.12
24481.28
24640.00
24801.12
24961.28
25120.16
25281.28
25440.32
25601.12
25761.28
25920.64
26080.64
26240.80
26401.12
26560.96
26720.16
26880.64
27040.64
27200.64
27360.64
27521.44
27680.00
27841.28
28001.44
28161.44
28321.12
28481.12
28641.28
28800.96
28960.32
29120.96
29280.64
29440.16
29601.12
29760.16
29921.44
30081.28
30241.44
30400.16
30560.96
30721.28
30880.96
31040.16
31200.64
31360.48
31521.12
31680.96
31841.12
32000.32
32160.00
32320.32
32480.16
32640.00
32800.16
32960.16
33120.00
33281.28
33441.28
33601.44
33760.80
33920.16
34080.80
34241.44
34400.32
34560.32
34720.16
34880.16
35040.16
35200.16
35360.48
35521.12
35681.44
35841.44
36001.28
36160.64
36320.32
36480.96
36640.00
36800.00
36961.28
37120.00
37280.32
37440.00
37600.16
37760.48
37920.16
38080.32
38240.32
38400.00
38560.16
38721.28
38880.16
39041.12
39201.12
39360.48
39521.44
39681.44
39840.80
40000.16
40160.00
40321.28
40481.28
40640.00
40801.28
40961.12
41120.64
41280.00
41440.64
41600.64
41760.00
41920.32
42080.80
42240.48
42400.32
42561.12
42720.96
42880.64
43041.44
43201.44
43360.64
43520.16
43681.12
43840.80
44001.28
44160.80
44321.44
44481.28
44640.64
44800.64
44961.44
45120.64
45280.48
45441.28
45600.80
45760.16
45920.80
46081.44
46240.16
46401.44
46560.64
46720.32
46880.32
47041.44
47200.80
47360.80
47520.96
47680.32
47841.44
48000.96
48160.16
48320.48
48481.12
48641.28
48801.44
48960.80
49037.92
49120.64
49281.28
49440.64
49601.28
49760.48
49920.48
50080.48
50240.96
50400.16
50561.28
50721.12
50881.12
51041.12
51201.44
51361.12
51520.16
51680.32
51841.44
52000.16
52161.12
52320.80
52481.28
52640.00
52800.80
52960.80
53120.16
53281.44
53440.32
53600.00
53761.28
53921.28
54080.64
54241.12
54400.32
54560.32
54720.00
54880.96
55040.96
55201.12
55361.28
55520.64
55680.64
55840.80
56000.32
56160.64
56320.48
56480.64
56640.96
56800.48
56960.96
57120.64
57281.28
57440.64
57600.64
57760.48
57921.44
58080.80
58240.32
58400.32
58560.96
58720.16
58880.00
59040.00
59201.28
59360.48
59520.48
59681.44
59841.44
60000.00
60160.96
60321.12
60480.64
60640.16
60800.48
60961.12
61120.80
61280.96
61440.16
61600.16
61761.44
61921.12
62080.96
62241.28
62400.32
62560.00
62720.16
62880.32
63040.96
63200.64
63360.64
63520.32
63680.80
63840.80
