T.
T
T?  Hmmm?
This is a sentence.
This is a sentence?  Hmmm?
This is a sentence
Thisisasentence.
Thisisasentence?  Hmmm?
Thisisasentence
This is a sentence .
This is a sentence ?  Hmmm?
This is a sentence 
                                                            This is a sentence.
                                                            This is a sentence?  Hmmm?
                                                             This is a sentence
This is a very long sentence with lots of words, punctuation, and other stuff.
This is a very long sentence with lots of words, punctuation, and other stuff?  Hmmm?
This is a very long sentence with lots of words, punctuation, and other stuff
This is a very long sentence with lots of words punctuation, and other stuff.
This is a very long sentence with lots of words punctuation, and other stuff?  Hmmm?
This is a very long sentence with lots of words punctuation, and other stuff
Thisisaverylongsentencewithlotsofreallycompactedwordspunctuation,andotherstuff.
Thisisaverylongsentencewithlotsofreallycompactedwordspunctuation,andotherstuff?  Hmmm?
Thisisaverylongsentencewithlotsofreallycompactedwordspunctuation,andotherstuff
